# JRE version: Java(TM) SE Runtime Environment (11.0.6+8) (build 11.0.6+8-LTS)
# Java VM: Java HotSpot(TM) 64-Bit Server VM (11.0.6+8-LTS, mixed mode, tiered, compressed oops, g1 gc, windows-amd64)
Heap:
 garbage-first heap   total 300032K, used 90020K [0x00000000c0000000, 0x0000000100000000)
  region size 1024K, 1 young (1024K), 1 survivors (1024K)
 Metaspace       used 61308K, capacity 64137K, committed 64336K, reserved 1105920K
  class space    used 6098K, capacity 7117K, committed 7168K, reserved 1048576K
GC Heap History (10 events):
Event: 36.573 GC heap after
{Heap after GC invocations=34 (full 0):
 garbage-first heap   total 132096K, used 63385K [0x00000000c0000000, 0x0000000100000000)
  region size 1024K, 1 young (1024K), 1 survivors (1024K)
 Metaspace       used 57440K, capacity 59861K, committed 59984K, reserved 1103872K
  class space    used 5747K, capacity 6562K, committed 6656K, reserved 1048576K
}
Event: 37.463 GC heap before
{Heap before GC invocations=34 (full 0):
 garbage-first heap   total 132096K, used 100249K [0x00000000c0000000, 0x0000000100000000)
  region size 1024K, 37 young (37888K), 1 survivors (1024K)
 Metaspace       used 57443K, capacity 59861K, committed 59984K, reserved 1103872K
  class space    used 5747K, capacity 6562K, committed 6656K, reserved 1048576K
}
Event: 37.503 GC heap after
{Heap after GC invocations=35 (full 0):
 garbage-first heap   total 158720K, used 73298K [0x00000000c0000000, 0x0000000100000000)
  region size 1024K, 5 young (5120K), 5 survivors (5120K)
 Metaspace       used 57443K, capacity 59861K, committed 59984K, reserved 1103872K
  class space    used 5747K, capacity 6562K, committed 6656K, reserved 1048576K
}
Event: 38.281 GC heap before
{Heap before GC invocations=36 (full 0):
 garbage-first heap   total 158720K, used 116306K [0x00000000c0000000, 0x0000000100000000)
  region size 1024K, 47 young (48128K), 5 survivors (5120K)
 Metaspace       used 57992K, capacity 60400K, committed 60496K, reserved 1103872K
  class space    used 5775K, capacity 6572K, committed 6656K, reserved 1048576K
}
Event: 38.340 GC heap after
{Heap after GC invocations=37 (full 0):
 garbage-first heap   total 158720K, used 90327K [0x00000000c0000000, 0x0000000100000000)
  region size 1024K, 6 young (6144K), 6 survivors (6144K)
 Metaspace       used 57992K, capacity 60400K, committed 60496K, reserved 1103872K
  class space    used 5775K, capacity 6572K, committed 6656K, reserved 1048576K
}
Event: 39.482 GC heap before
{Heap before GC invocations=37 (full 0):
 garbage-first heap   total 158720K, used 120023K [0x00000000c0000000, 0x0000000100000000)
  region size 1024K, 35 young (35840K), 6 survivors (6144K)
 Metaspace       used 59089K, capacity 61606K, committed 61648K, reserved 1103872K
  class space    used 5888K, capacity 6764K, committed 6784K, reserved 1048576K
}
Event: 39.616 GC heap after
{Heap after GC invocations=38 (full 0):
 garbage-first heap   total 158720K, used 103936K [0x00000000c0000000, 0x0000000100000000)
  region size 1024K, 5 young (5120K), 5 survivors (5120K)
 Metaspace       used 59089K, capacity 61606K, committed 61648K, reserved 1103872K
  class space    used 5888K, capacity 6764K, committed 6784K, reserved 1048576K
}
Event: 41.740 GC heap before
{Heap before GC invocations=39 (full 0):
 garbage-first heap   total 158720K, used 112128K [0x00000000c0000000, 0x0000000100000000)
  region size 1024K, 25 young (25600K), 5 survivors (5120K)
 Metaspace       used 61263K, capacity 64044K, committed 64336K, reserved 1105920K
  class space    used 6093K, capacity 7110K, committed 7168K, reserved 1048576K
}
Event: 41.782 GC heap after
{Heap after GC invocations=40 (full 0):
 garbage-first heap   total 158720K, used 95414K [0x00000000c0000000, 0x0000000100000000)
  region size 1024K, 2 young (2048K), 2 survivors (2048K)
 Metaspace       used 61263K, capacity 64044K, committed 64336K, reserved 1105920K
  class space    used 6093K, capacity 7110K, committed 7168K, reserved 1048576K
}
Event: 42.269 GC heap before
{Heap before GC invocations=40 (full 0):
 garbage-first heap   total 158720K, used 99510K [0x00000000c0000000, 0x0000000100000000)
  region size 1024K, 7 young (7168K), 2 survivors (2048K)
 Metaspace       used 61308K, capacity 64137K, committed 64336K, reserved 1105920K
  class space    used 6098K, capacity 7117K, committed 7168K, reserved 1048576K
}

